Vocabluary size: 10000
########## Training ##########################
0.007535795026375283 perplexity: 13027.55 speed: 3833.520893642337 wps
0.10700828937452901 perplexity:  1527.65 speed: 8936.414493654802 wps
0.20648078372268275 perplexity:  1003.95 speed: 9414.546380880032 wps
0.3059532780708365 perplexity:   779.24 speed: 9574.330606535774 wps
0.4054257724189902 perplexity:   661.67 speed: 9652.003006768828 wps
0.5048982667671439 perplexity:   586.23 speed: 9690.007439566722 wps
0.6043707611152976 perplexity:   525.12 speed: 9710.765343654344 wps
0.7038432554634514 perplexity:   481.72 speed: 9723.988532632455 wps
0.8033157498116051 perplexity:   447.86 speed: 9733.11450539027 wps
0.9027882441597589 perplexity:   418.87 speed: 9738.47230023678 wps
Train perplexity at epoch 0:   396.31
Validation perplexity at epoch 0:   228.86
0.007535795026375283 perplexity:   286.48 speed: 9093.503309248155 wps
0.10700828937452901 perplexity:   219.68 speed: 9701.151732936947 wps
0.20648078372268275 perplexity:   227.01 speed: 9733.827043812362 wps
0.3059532780708365 perplexity:   221.02 speed: 9736.947867785471 wps
0.4054257724189902 perplexity:   218.48 speed: 9740.993531409302 wps
0.5048982667671439 perplexity:   215.69 speed: 9741.089580009337 wps
0.6043707611152976 perplexity:   209.83 speed: 9745.978546554084 wps
0.7038432554634514 perplexity:   206.26 speed: 9745.704827490388 wps
0.8033157498116051 perplexity:   203.24 speed: 9746.138148421458 wps
0.9027882441597589 perplexity:   198.75 speed: 9748.297814901089 wps
Train perplexity at epoch 1:   195.59
Validation perplexity at epoch 1:   164.33
0.007535795026375283 perplexity:   207.39 speed: 9091.051084863702 wps
0.10700828937452901 perplexity:   159.53 speed: 9706.051592106352 wps
0.20648078372268275 perplexity:   169.03 speed: 9717.193005707135 wps
0.3059532780708365 perplexity:   165.00 speed: 9722.348105509853 wps
0.4054257724189902 perplexity:   164.35 speed: 9727.675517714697 wps
0.5048982667671439 perplexity:   163.32 speed: 9730.127650150456 wps
0.6043707611152976 perplexity:   159.84 speed: 9730.525947028807 wps
0.7038432554634514 perplexity:   158.53 speed: 9733.655635553943 wps
0.8033157498116051 perplexity:   157.33 speed: 9733.138062380947 wps
0.9027882441597589 perplexity:   154.38 speed: 9730.644427849484 wps
Train perplexity at epoch 2:   152.85
Validation perplexity at epoch 2:   137.36
0.007535795026375283 perplexity:   165.67 speed: 9116.873312259453 wps
0.10700828937452901 perplexity:   129.78 speed: 9667.378948352229 wps
0.20648078372268275 perplexity:   140.02 speed: 9692.176193535757 wps
0.3059532780708365 perplexity:   136.89 speed: 9705.990784518086 wps
0.4054257724189902 perplexity:   136.71 speed: 9707.71429413941 wps
0.5048982667671439 perplexity:   136.14 speed: 9710.369476465145 wps
0.6043707611152976 perplexity:   133.65 speed: 9711.172335819572 wps
0.7038432554634514 perplexity:   132.98 speed: 9713.76017186808 wps
0.8033157498116051 perplexity:   132.44 speed: 9716.283127076076 wps
0.9027882441597589 perplexity:   130.09 speed: 9717.330698879587 wps
Train perplexity at epoch 3:   129.14
Validation perplexity at epoch 3:   120.71
0.007535795026375283 perplexity:   139.75 speed: 9055.022366895593 wps
0.10700828937452901 perplexity:   110.48 speed: 9681.420835150113 wps
0.20648078372268275 perplexity:   120.68 speed: 9702.65575575698 wps
0.3059532780708365 perplexity:   118.05 speed: 9710.509430916303 wps
0.4054257724189902 perplexity:   118.25 speed: 9710.704484084654 wps
0.5048982667671439 perplexity:   118.05 speed: 9714.131835648057 wps
0.6043707611152976 perplexity:   116.13 speed: 9714.425138680419 wps
0.7038432554634514 perplexity:   115.84 speed: 9715.230692458439 wps
0.8033157498116051 perplexity:   115.55 speed: 9718.289297778987 wps
0.9027882441597589 perplexity:   113.62 speed: 9720.405896135753 wps
Train perplexity at epoch 4:   112.98
Validation perplexity at epoch 4:   110.92
0.007535795026375283 perplexity:   124.56 speed: 9125.910453665636 wps
0.10700828937452901 perplexity:    98.47 speed: 9656.929653131963 wps
0.20648078372268275 perplexity:   107.85 speed: 9692.915047816452 wps
0.3059532780708365 perplexity:   105.56 speed: 9707.077036684097 wps
0.4054257724189902 perplexity:   105.88 speed: 9714.156240799046 wps
0.5048982667671439 perplexity:   105.78 speed: 9717.388438530652 wps
0.6043707611152976 perplexity:   104.11 speed: 9720.303079470885 wps
0.7038432554634514 perplexity:   104.00 speed: 9719.103319938262 wps
0.8033157498116051 perplexity:   103.85 speed: 9720.179758835153 wps
0.9027882441597589 perplexity:   102.23 speed: 9721.75503653825 wps
Train perplexity at epoch 5:   101.73
Validation perplexity at epoch 5:   103.91
0.007535795026375283 perplexity:   114.87 speed: 9000.63731012099 wps
0.10700828937452901 perplexity:    89.08 speed: 9672.43704274189 wps
0.20648078372268275 perplexity:    98.14 speed: 9690.874920396303 wps
0.3059532780708365 perplexity:    95.82 speed: 9700.580886713225 wps
0.4054257724189902 perplexity:    96.14 speed: 9706.127585490645 wps
0.5048982667671439 perplexity:    96.03 speed: 9708.201188924912 wps
0.6043707611152976 perplexity:    94.63 speed: 9711.597804100194 wps
0.7038432554634514 perplexity:    94.61 speed: 9711.388805785165 wps
0.8033157498116051 perplexity:    94.62 speed: 9710.79458236644 wps
0.9027882441597589 perplexity:    93.17 speed: 9711.835831044582 wps
Train perplexity at epoch 6:    92.75
Validation perplexity at epoch 6:    99.24
0.007535795026375283 perplexity:   104.92 speed: 9039.817681757035 wps
0.10700828937452901 perplexity:    82.09 speed: 9671.106695004544 wps
0.20648078372268275 perplexity:    90.42 speed: 9696.437032484315 wps
0.3059532780708365 perplexity:    88.50 speed: 9705.327026491244 wps
0.4054257724189902 perplexity:    88.63 speed: 9708.863164126837 wps
0.5048982667671439 perplexity:    88.64 speed: 9711.445725448399 wps
0.6043707611152976 perplexity:    87.33 speed: 9714.367979449871 wps
0.7038432554634514 perplexity:    87.43 speed: 9714.645710486446 wps
0.8033157498116051 perplexity:    87.47 speed: 9716.087581951466 wps
0.9027882441597589 perplexity:    86.14 speed: 9716.85414759851 wps
Train perplexity at epoch 7:    85.86
Validation perplexity at epoch 7:    95.82
0.007535795026375283 perplexity:    96.47 speed: 9061.673826618522 wps
0.10700828937452901 perplexity:    75.69 speed: 9673.38172045996 wps
0.20648078372268275 perplexity:    84.11 speed: 9701.007691685681 wps
0.3059532780708365 perplexity:    82.06 speed: 9710.79548785017 wps
0.4054257724189902 perplexity:    82.40 speed: 9714.56567636217 wps
0.5048982667671439 perplexity:    82.41 speed: 9715.399459618595 wps
0.6043707611152976 perplexity:    81.24 speed: 9716.170540203395 wps
0.7038432554634514 perplexity:    81.36 speed: 9717.857980416766 wps
0.8033157498116051 perplexity:    81.49 speed: 9720.2731641541 wps
0.9027882441597589 perplexity:    80.29 speed: 9719.719577639025 wps
Train perplexity at epoch 8:    79.99
Validation perplexity at epoch 8:    92.74
0.007535795026375283 perplexity:    90.70 speed: 9091.990350640865 wps
0.10700828937452901 perplexity:    71.38 speed: 9670.497900590144 wps
0.20648078372268275 perplexity:    78.88 speed: 9702.207574257163 wps
0.3059532780708365 perplexity:    77.04 speed: 9712.478475117161 wps
0.4054257724189902 perplexity:    77.26 speed: 9718.156066124888 wps
0.5048982667671439 perplexity:    77.21 speed: 9720.795626661706 wps
0.6043707611152976 perplexity:    76.17 speed: 9722.57039608478 wps
0.7038432554634514 perplexity:    76.35 speed: 9722.809917358885 wps
0.8033157498116051 perplexity:    76.51 speed: 9724.610299064876 wps
0.9027882441597589 perplexity:    75.39 speed: 9725.591977502932 wps
Train perplexity at epoch 9:    75.13
Validation perplexity at epoch 9:    90.52
0.007535795026375283 perplexity:    86.82 speed: 9089.715460723515 wps
0.10700828937452901 perplexity:    67.14 speed: 9683.252024119922 wps
0.20648078372268275 perplexity:    74.63 speed: 9707.717459858512 wps
0.3059532780708365 perplexity:    72.80 speed: 9707.152973832282 wps
0.4054257724189902 perplexity:    73.07 speed: 9711.928683696904 wps
0.5048982667671439 perplexity:    72.99 speed: 9715.08033079839 wps
0.6043707611152976 perplexity:    71.95 speed: 9718.43032062117 wps
0.7038432554634514 perplexity:    72.13 speed: 9719.421002103072 wps
0.8033157498116051 perplexity:    72.25 speed: 9721.372055524726 wps
0.9027882441597589 perplexity:    71.20 speed: 9721.675513361357 wps
Train perplexity at epoch 10:    71.01
Validation perplexity at epoch 10:    88.62
0.007535795026375283 perplexity:    80.64 speed: 9072.092369992337 wps
0.10700828937452901 perplexity:    63.47 speed: 9673.948303606754 wps
0.20648078372268275 perplexity:    70.25 speed: 9710.952836606992 wps
0.3059532780708365 perplexity:    68.67 speed: 9715.06719742047 wps
0.4054257724189902 perplexity:    68.84 speed: 9718.119483078453 wps
0.5048982667671439 perplexity:    68.87 speed: 9720.150446220454 wps
0.6043707611152976 perplexity:    67.94 speed: 9722.054041805623 wps
0.7038432554634514 perplexity:    68.18 speed: 9720.348841005465 wps
0.8033157498116051 perplexity:    68.38 speed: 9719.562972910326 wps
0.9027882441597589 perplexity:    67.39 speed: 9718.676222120697 wps
Train perplexity at epoch 11:    67.19
Validation perplexity at epoch 11:    87.54
0.007535795026375283 perplexity:    77.65 speed: 9085.999783372885 wps
0.10700828937452901 perplexity:    60.43 speed: 9658.544500349844 wps
0.20648078372268275 perplexity:    66.99 speed: 9687.060014698496 wps
0.3059532780708365 perplexity:    65.31 speed: 9697.930380244308 wps
0.4054257724189902 perplexity:    65.53 speed: 9705.672787758765 wps
0.5048982667671439 perplexity:    65.50 speed: 9708.419586404823 wps
0.6043707611152976 perplexity:    64.65 speed: 9707.226370393348 wps
0.7038432554634514 perplexity:    64.86 speed: 9705.367077545543 wps
0.8033157498116051 perplexity:    65.04 speed: 9706.37550649804 wps
0.9027882441597589 perplexity:    64.13 speed: 9707.834246136994 wps
Train perplexity at epoch 12:    63.94
Validation perplexity at epoch 12:    86.25
0.007535795026375283 perplexity:    73.84 speed: 9063.431056091662 wps
0.10700828937452901 perplexity:    57.57 speed: 9660.288804211994 wps
0.20648078372268275 perplexity:    63.71 speed: 9678.611096353377 wps
0.3059532780708365 perplexity:    62.35 speed: 9691.372343003979 wps
0.4054257724189902 perplexity:    62.46 speed: 9697.58213642299 wps
0.5048982667671439 perplexity:    62.46 speed: 9704.48529757597 wps
0.6043707611152976 perplexity:    61.64 speed: 9710.225806634427 wps
0.7038432554634514 perplexity:    61.85 speed: 9713.20784473312 wps
0.8033157498116051 perplexity:    62.01 speed: 9709.027678888764 wps
0.9027882441597589 perplexity:    61.16 speed: 9710.676812628606 wps
Train perplexity at epoch 13:    61.08
Validation perplexity at epoch 13:    85.64
0.007535795026375283 perplexity:    69.78 speed: 9085.677713601535 wps
0.10700828937452901 perplexity:    55.05 speed: 9662.323028216757 wps
0.20648078372268275 perplexity:    60.97 speed: 9690.874920396303 wps
0.3059532780708365 perplexity:    59.45 speed: 9696.430404368772 wps
0.4054257724189902 perplexity:    59.56 speed: 9705.057449987438 wps
0.5048982667671439 perplexity:    59.54 speed: 9709.18039442267 wps
0.6043707611152976 perplexity:    58.73 speed: 9705.363600687338 wps
0.7038432554634514 perplexity:    58.99 speed: 9704.143093498047 wps
0.8033157498116051 perplexity:    59.23 speed: 9704.293957077503 wps
0.9027882441597589 perplexity:    58.42 speed: 9702.366127811716 wps
Train perplexity at epoch 14:    58.31
Validation perplexity at epoch 14:    84.84
0.007535795026375283 perplexity:    67.71 speed: 8997.061760091285 wps
0.10700828937452901 perplexity:    52.33 speed: 9640.3267026182 wps
0.20648078372268275 perplexity:    57.77 speed: 9670.810124807764 wps
0.3059532780708365 perplexity:    56.16 speed: 9684.732981620944 wps
0.4054257724189902 perplexity:    56.13 speed: 9685.163241797227 wps
0.5048982667671439 perplexity:    55.89 speed: 9681.366304810517 wps
0.6043707611152976 perplexity:    55.10 speed: 9687.852459983327 wps
0.7038432554634514 perplexity:    55.31 speed: 9693.09299198251 wps
0.8033157498116051 perplexity:    55.43 speed: 9690.40268454528 wps
0.9027882441597589 perplexity:    54.60 speed: 9689.296934704134 wps
Train perplexity at epoch 15:    54.39
Validation perplexity at epoch 15:    83.34
0.007535795026375283 perplexity:    65.24 speed: 9020.542704944406 wps
0.10700828937452901 perplexity:    49.30 speed: 9600.156803767753 wps
0.20648078372268275 perplexity:    53.91 speed: 9636.036528558621 wps
0.3059532780708365 perplexity:    52.24 speed: 9662.619145168981 wps
0.4054257724189902 perplexity:    51.99 speed: 9663.206089498648 wps
0.5048982667671439 perplexity:    51.72 speed: 9665.7191618852 wps
0.6043707611152976 perplexity:    50.88 speed: 9666.878562214672 wps
0.7038432554634514 perplexity:    50.98 speed: 9664.235629397675 wps
0.8033157498116051 perplexity:    50.99 speed: 9665.327852473682 wps
0.9027882441597589 perplexity:    50.10 speed: 9667.858879608624 wps
Train perplexity at epoch 16:    49.83
Validation perplexity at epoch 16:    82.83
0.007535795026375283 perplexity:    58.90 speed: 9105.517305933447 wps
0.10700828937452901 perplexity:    45.27 speed: 9627.706304963482 wps
0.20648078372268275 perplexity:    49.70 speed: 9663.53290616092 wps
0.3059532780708365 perplexity:    48.13 speed: 9668.712164195726 wps
0.4054257724189902 perplexity:    47.83 speed: 9664.984797037816 wps
0.5048982667671439 perplexity:    47.57 speed: 9668.665589396689 wps
0.6043707611152976 perplexity:    46.72 speed: 9669.130379936707 wps
0.7038432554634514 perplexity:    46.70 speed: 9667.541223238255 wps
0.8033157498116051 perplexity:    46.65 speed: 9672.27648221182 wps
0.9027882441597589 perplexity:    45.79 speed: 9673.334145938838 wps
Train perplexity at epoch 17:    45.51
Validation perplexity at epoch 17:    82.35
0.007535795026375283 perplexity:    55.46 speed: 9066.581024494484 wps
0.10700828937452901 perplexity:    42.59 speed: 9652.055731224496 wps
0.20648078372268275 perplexity:    46.47 speed: 9683.360179934612 wps
0.3059532780708365 perplexity:    44.96 speed: 9688.739748844928 wps
0.4054257724189902 perplexity:    44.67 speed: 9690.880607960695 wps
0.5048982667671439 perplexity:    44.36 speed: 9685.702563940196 wps
0.6043707611152976 perplexity:    43.57 speed: 9687.24011645685 wps
0.7038432554634514 perplexity:    43.51 speed: 9688.617179122115 wps
0.8033157498116051 perplexity:    43.42 speed: 9690.355953520402 wps
0.9027882441597589 perplexity:    42.57 speed: 9689.520746467904 wps
Train perplexity at epoch 18:    42.24
Validation perplexity at epoch 18:    82.26
0.007535795026375283 perplexity:    53.13 speed: 9061.198398304932 wps
0.10700828937452901 perplexity:    40.53 speed: 9604.340372104116 wps
0.20648078372268275 perplexity:    44.54 speed: 9638.404200941157 wps
0.3059532780708365 perplexity:    42.97 speed: 9641.818777116367 wps
0.4054257724189902 perplexity:    42.70 speed: 9654.996256541215 wps
0.5048982667671439 perplexity:    42.46 speed: 9659.769169388144 wps
0.6043707611152976 perplexity:    41.65 speed: 9661.64453856725 wps
0.7038432554634514 perplexity:    41.61 speed: 9669.632593394117 wps
0.8033157498116051 perplexity:    41.49 speed: 9669.890500738462 wps
0.9027882441597589 perplexity:    40.64 speed: 9670.726750739272 wps
Train perplexity at epoch 19:    40.28
Validation perplexity at epoch 19:    81.91
0.007535795026375283 perplexity:    49.67 speed: 9046.183286929925 wps
0.10700828937452901 perplexity:    39.35 speed: 9604.535474629753 wps
0.20648078372268275 perplexity:    43.46 speed: 9641.484041705864 wps
0.3059532780708365 perplexity:    42.00 speed: 9651.351616813954 wps
0.4054257724189902 perplexity:    41.77 speed: 9661.38763250166 wps
0.5048982667671439 perplexity:    41.53 speed: 9661.598354090334 wps
0.6043707611152976 perplexity:    40.71 speed: 9665.111874770375 wps
0.7038432554634514 perplexity:    40.65 speed: 9665.54430965495 wps
0.8033157498116051 perplexity:    40.51 speed: 9669.622320492186 wps
0.9027882441597589 perplexity:    39.66 speed: 9671.509847346068 wps
Train perplexity at epoch 20:    39.30
Validation perplexity at epoch 20:    81.56
0.007535795026375283 perplexity:    51.41 speed: 9035.43230337613 wps
0.10700828937452901 perplexity:    39.13 speed: 9640.156926250624 wps
0.20648078372268275 perplexity:    43.01 speed: 9648.051974309767 wps
0.3059532780708365 perplexity:    41.51 speed: 9671.521512123938 wps
0.4054257724189902 perplexity:    41.31 speed: 9676.926369101528 wps
0.5048982667671439 perplexity:    41.00 speed: 9678.047076574723 wps
0.6043707611152976 perplexity:    40.22 speed: 9680.001600620362 wps
0.7038432554634514 perplexity:    40.17 speed: 9682.17774645957 wps
0.8033157498116051 perplexity:    40.03 speed: 9678.763065508661 wps
0.9027882441597589 perplexity:    39.17 speed: 9676.031804164917 wps
Train perplexity at epoch 21:    38.80
Validation perplexity at epoch 21:    81.29
0.007535795026375283 perplexity:    51.17 speed: 9066.110171173455 wps
0.10700828937452901 perplexity:    38.65 speed: 9646.588475772003 wps
0.20648078372268275 perplexity:    42.56 speed: 9660.531318769965 wps
0.3059532780708365 perplexity:    41.11 speed: 9671.018135370323 wps
0.4054257724189902 perplexity:    40.98 speed: 9675.818647340386 wps
0.5048982667671439 perplexity:    40.74 speed: 9680.199250295605 wps
0.6043707611152976 perplexity:    39.96 speed: 9682.23719021224 wps
0.7038432554634514 perplexity:    39.92 speed: 9686.41214710787 wps
0.8033157498116051 perplexity:    39.75 speed: 9691.547750454332 wps
0.9027882441597589 perplexity:    38.91 speed: 9692.589386164407 wps
Train perplexity at epoch 22:    38.55
Validation perplexity at epoch 22:    81.06
0.007535795026375283 perplexity:    50.81 speed: 9057.953089902372 wps
0.10700828937452901 perplexity:    38.53 speed: 9636.687007348995 wps
0.20648078372268275 perplexity:    42.55 speed: 9644.310216235148 wps
0.3059532780708365 perplexity:    41.12 speed: 9657.481552357633 wps
0.4054257724189902 perplexity:    40.97 speed: 9658.001678314167 wps
0.5048982667671439 perplexity:    40.69 speed: 9665.83463796562 wps
0.6043707611152976 perplexity:    39.90 speed: 9665.830558852991 wps
0.7038432554634514 perplexity:    39.82 speed: 9669.796426937806 wps
0.8033157498116051 perplexity:    39.67 speed: 9668.45536491997 wps
0.9027882441597589 perplexity:    38.83 speed: 9668.483456308744 wps
Train perplexity at epoch 23:    38.47
Validation perplexity at epoch 23:    80.97
0.007535795026375283 perplexity:    50.66 speed: 9087.50052055371 wps
0.10700828937452901 perplexity:    38.64 speed: 9619.194315570507 wps
0.20648078372268275 perplexity:    42.65 speed: 9657.08318367551 wps
0.3059532780708365 perplexity:    41.20 speed: 9649.339253378614 wps
0.4054257724189902 perplexity:    41.02 speed: 9652.667685887827 wps
0.5048982667671439 perplexity:    40.68 speed: 9655.60047685928 wps
0.6043707611152976 perplexity:    39.90 speed: 9661.61638736441 wps
0.7038432554634514 perplexity:    39.82 speed: 9660.644262810763 wps
0.8033157498116051 perplexity:    39.67 speed: 9661.065858946868 wps
0.9027882441597589 perplexity:    38.84 speed: 9663.93448618327 wps
Train perplexity at epoch 24:    38.44
Validation perplexity at epoch 24:    80.95
0.007535795026375283 perplexity:    50.98 speed: 9068.531132365271 wps
0.10700828937452901 perplexity:    38.57 speed: 9634.220729138588 wps
0.20648078372268275 perplexity:    42.58 speed: 9659.070627512772 wps
0.3059532780708365 perplexity:    41.09 speed: 9672.140805511779 wps
0.4054257724189902 perplexity:    40.94 speed: 9671.906258415494 wps
0.5048982667671439 perplexity:    40.67 speed: 9677.541473389903 wps
0.6043707611152976 perplexity:    39.86 speed: 9676.818276310982 wps
0.7038432554634514 perplexity:    39.80 speed: 9667.374129737718 wps
0.8033157498116051 perplexity:    39.68 speed: 9669.11262501995 wps
0.9027882441597589 perplexity:    38.83 speed: 9669.651016695756 wps
Train perplexity at epoch 25:    38.47
Validation perplexity at epoch 25:    80.95
0.007535795026375283 perplexity:    50.90 speed: 9054.042496287539 wps
0.10700828937452901 perplexity:    38.57 speed: 9610.411597030392 wps
0.20648078372268275 perplexity:    42.64 speed: 9622.347737260092 wps
0.3059532780708365 perplexity:    41.23 speed: 9644.25297473108 wps
0.4054257724189902 perplexity:    41.06 speed: 9650.197472780395 wps
0.5048982667671439 perplexity:    40.77 speed: 9654.34041287898 wps
0.6043707611152976 perplexity:    39.96 speed: 9654.954276307693 wps
0.7038432554634514 perplexity:    39.88 speed: 9658.743345815401 wps
0.8033157498116051 perplexity:    39.72 speed: 9659.63369854037 wps
0.9027882441597589 perplexity:    38.90 speed: 9659.167637617227 wps
Train perplexity at epoch 26:    38.52
Validation perplexity at epoch 26:    80.95
0.007535795026375283 perplexity:    50.31 speed: 9085.378669257763 wps
0.10700828937452901 perplexity:    38.67 speed: 9612.695127658635 wps
0.20648078372268275 perplexity:    42.53 speed: 9646.415491143836 wps
0.3059532780708365 perplexity:    41.19 speed: 9647.93839708805 wps
0.4054257724189902 perplexity:    41.02 speed: 9650.610891963628 wps
0.5048982667671439 perplexity:    40.74 speed: 9655.213763590187 wps
0.6043707611152976 perplexity:    39.93 speed: 9653.669346994115 wps
0.7038432554634514 perplexity:    39.86 speed: 9658.416806703472 wps
0.8033157498116051 perplexity:    39.71 speed: 9658.929451593065 wps
0.9027882441597589 perplexity:    38.87 speed: 9661.447232962075 wps
Train perplexity at epoch 27:    38.50
Validation perplexity at epoch 27:    80.95
0.007535795026375283 perplexity:    50.86 speed: 9020.48475677113 wps
0.10700828937452901 perplexity:    38.55 speed: 9612.008722217483 wps
0.20648078372268275 perplexity:    42.47 speed: 9642.809281339032 wps
0.3059532780708365 perplexity:    41.09 speed: 9655.608626763782 wps
0.4054257724189902 perplexity:    40.91 speed: 9659.836078502496 wps
0.5048982667671439 perplexity:    40.66 speed: 9666.805789522205 wps
0.6043707611152976 perplexity:    39.90 speed: 9673.406279589726 wps
0.7038432554634514 perplexity:    39.81 speed: 9677.30800459521 wps
0.8033157498116051 perplexity:    39.64 speed: 9677.215703828557 wps
0.9027882441597589 perplexity:    38.81 speed: 9680.213528564813 wps
Train perplexity at epoch 28:    38.42
Validation perplexity at epoch 28:    80.95
0.007535795026375283 perplexity:    50.63 speed: 9082.836309700418 wps
0.10700828937452901 perplexity:    38.59 speed: 9652.027328869497 wps
0.20648078372268275 perplexity:    42.53 speed: 9676.392013451972 wps
0.3059532780708365 perplexity:    41.16 speed: 9685.135738552855 wps
0.4054257724189902 perplexity:    40.99 speed: 9688.669880540105 wps
0.5048982667671439 perplexity:    40.67 speed: 9695.02750861562 wps
0.6043707611152976 perplexity:    39.88 speed: 9691.728264084622 wps
0.7038432554634514 perplexity:    39.84 speed: 9694.795996711859 wps
0.8033157498116051 perplexity:    39.69 speed: 9697.862972185196 wps
0.9027882441597589 perplexity:    38.83 speed: 9700.128526423705 wps
Train perplexity at epoch 29:    38.48
Validation perplexity at epoch 29:    80.95
0.007535795026375283 perplexity:    50.58 speed: 8511.684750667444 wps
0.10700828937452901 perplexity:    38.53 speed: 9524.718734272921 wps
0.20648078372268275 perplexity:    42.55 speed: 9623.09158144535 wps
0.3059532780708365 perplexity:    41.06 speed: 9647.404291900379 wps
0.4054257724189902 perplexity:    40.92 speed: 9659.554529805759 wps
0.5048982667671439 perplexity:    40.68 speed: 9665.09952690153 wps
0.6043707611152976 perplexity:    39.87 speed: 9671.26014078179 wps
0.7038432554634514 perplexity:    39.82 speed: 9675.014822639188 wps
0.8033157498116051 perplexity:    39.66 speed: 9681.011289928425 wps
0.9027882441597589 perplexity:    38.83 speed: 9686.27587453678 wps
Train perplexity at epoch 30:    38.46
Validation perplexity at epoch 30:    80.95
0.007535795026375283 perplexity:    50.04 speed: 9057.622844315634 wps
0.10700828937452901 perplexity:    38.65 speed: 9678.538244833668 wps
0.20648078372268275 perplexity:    42.54 speed: 9687.985589562228 wps
0.3059532780708365 perplexity:    41.12 speed: 9688.947142492576 wps
0.4054257724189902 perplexity:    40.92 speed: 9698.993721469373 wps
0.5048982667671439 perplexity:    40.66 speed: 9706.582292133273 wps
0.6043707611152976 perplexity:    39.91 speed: 9706.780942951864 wps
0.7038432554634514 perplexity:    39.82 speed: 9707.428367865714 wps
0.8033157498116051 perplexity:    39.69 speed: 9709.543848330797 wps
0.9027882441597589 perplexity:    38.83 speed: 9707.62160728106 wps
Train perplexity at epoch 31:    38.49
Validation perplexity at epoch 31:    80.95
0.007535795026375283 perplexity:    51.82 speed: 8978.258009813324 wps
0.10700828937452901 perplexity:    38.58 speed: 9647.783278138615 wps
0.20648078372268275 perplexity:    42.67 speed: 9687.951064757455 wps
0.3059532780708365 perplexity:    41.17 speed: 9692.037573814607 wps
0.4054257724189902 perplexity:    41.04 speed: 9693.898438941489 wps
0.5048982667671439 perplexity:    40.72 speed: 9698.759555537259 wps
0.6043707611152976 perplexity:    39.95 speed: 9695.982547498328 wps
0.7038432554634514 perplexity:    39.87 speed: 9694.954452549182 wps
0.8033157498116051 perplexity:    39.70 speed: 9691.521905841926 wps
0.9027882441597589 perplexity:    38.85 speed: 9694.92299354022 wps
Train perplexity at epoch 32:    38.48
Validation perplexity at epoch 32:    80.95
0.007535795026375283 perplexity:    50.43 speed: 9012.092659847725 wps
0.10700828937452901 perplexity:    38.85 speed: 9663.822232554447 wps
0.20648078372268275 perplexity:    42.59 speed: 9681.938088676718 wps
0.3059532780708365 perplexity:    41.12 speed: 9677.381082188607 wps
0.4054257724189902 perplexity:    40.99 speed: 9683.742168729035 wps
0.5048982667671439 perplexity:    40.72 speed: 9686.89071264497 wps
0.6043707611152976 perplexity:    39.92 speed: 9690.23991772797 wps
0.7038432554634514 perplexity:    39.84 speed: 9686.775104985009 wps
0.8033157498116051 perplexity:    39.67 speed: 9687.473739521542 wps
0.9027882441597589 perplexity:    38.83 speed: 9691.28746741219 wps
Train perplexity at epoch 33:    38.46
Validation perplexity at epoch 33:    80.95
0.007535795026375283 perplexity:    50.39 speed: 9064.626666771452 wps
0.10700828937452901 perplexity:    38.78 speed: 9652.339098247012 wps
0.20648078372268275 perplexity:    42.75 speed: 9682.660171325733 wps
0.3059532780708365 perplexity:    41.31 speed: 9695.461147898026 wps
0.4054257724189902 perplexity:    41.07 speed: 9700.666818324999 wps
0.5048982667671439 perplexity:    40.77 speed: 9703.62155556248 wps
0.6043707611152976 perplexity:    39.97 speed: 9704.639545310043 wps
0.7038432554634514 perplexity:    39.85 speed: 9709.418313638967 wps
0.8033157498116051 perplexity:    39.67 speed: 9709.341743386532 wps
0.9027882441597589 perplexity:    38.85 speed: 9710.593774060259 wps
Train perplexity at epoch 34:    38.46
Validation perplexity at epoch 34:    80.95
0.007535795026375283 perplexity:    50.37 speed: 9075.64620421239 wps
0.10700828937452901 perplexity:    38.46 speed: 9640.64812093164 wps
0.20648078372268275 perplexity:    42.53 speed: 9670.49796295813 wps
0.3059532780708365 perplexity:    41.14 speed: 9681.8389995118 wps
0.4054257724189902 perplexity:    40.98 speed: 9689.32716116321 wps
0.5048982667671439 perplexity:    40.68 speed: 9694.483157790206 wps
0.6043707611152976 perplexity:    39.93 speed: 9696.121317508423 wps
0.7038432554634514 perplexity:    39.85 speed: 9697.995493381815 wps
0.8033157498116051 perplexity:    39.68 speed: 9699.84292185622 wps
0.9027882441597589 perplexity:    38.85 speed: 9701.09344831296 wps
Train perplexity at epoch 35:    38.49
Validation perplexity at epoch 35:    80.95
0.007535795026375283 perplexity:    49.84 speed: 9056.457015947439 wps
0.10700828937452901 perplexity:    38.47 speed: 9669.307486842908 wps
0.20648078372268275 perplexity:    42.57 speed: 9681.178154676207 wps
0.3059532780708365 perplexity:    41.10 speed: 9690.742804193476 wps
0.4054257724189902 perplexity:    40.93 speed: 9694.366683669008 wps
0.5048982667671439 perplexity:    40.70 speed: 9691.60450616302 wps
0.6043707611152976 perplexity:    39.93 speed: 9693.789193091847 wps
0.7038432554634514 perplexity:    39.86 speed: 9692.62398259157 wps
0.8033157498116051 perplexity:    39.69 speed: 9693.011943903964 wps
0.9027882441597589 perplexity:    38.86 speed: 9695.309331536186 wps
Train perplexity at epoch 36:    38.50
Validation perplexity at epoch 36:    80.95
0.007535795026375283 perplexity:    50.69 speed: 9013.020710656952 wps
0.10700828937452901 perplexity:    38.59 speed: 9664.647315848859 wps
0.20648078372268275 perplexity:    42.55 speed: 9679.300656433306 wps
0.3059532780708365 perplexity:    41.13 speed: 9690.404333178509 wps
0.4054257724189902 perplexity:    40.93 speed: 9695.126185502062 wps
0.5048982667671439 perplexity:    40.65 speed: 9697.658763128791 wps
0.6043707611152976 perplexity:    39.88 speed: 9698.550595431512 wps
0.7038432554634514 perplexity:    39.82 speed: 9695.911186637548 wps
0.8033157498116051 perplexity:    39.68 speed: 9699.444903212256 wps
0.9027882441597589 perplexity:    38.84 speed: 9707.04771894139 wps
Train perplexity at epoch 37:    38.47
Validation perplexity at epoch 37:    80.95
0.007535795026375283 perplexity:    49.98 speed: 9087.045389447527 wps
0.10700828937452901 perplexity:    38.57 speed: 9687.904450849157 wps
0.20648078372268275 perplexity:    42.70 speed: 9711.992678098813 wps
0.3059532780708365 perplexity:    41.21 speed: 9723.501160571934 wps
0.4054257724189902 perplexity:    41.03 speed: 9723.346129045825 wps
0.5048982667671439 perplexity:    40.75 speed: 9723.077658680892 wps
0.6043707611152976 perplexity:    40.00 speed: 9728.14091758121 wps
0.7038432554634514 perplexity:    39.92 speed: 9729.204807618764 wps
0.8033157498116051 perplexity:    39.73 speed: 9729.990328977574 wps
0.9027882441597589 perplexity:    38.88 speed: 9733.261550695805 wps
Train perplexity at epoch 38:    38.50
Validation perplexity at epoch 38:    80.95
0.007535795026375283 perplexity:    49.62 speed: 9068.368166954288 wps
0.10700828937452901 perplexity:    38.61 speed: 9702.975145767703 wps
0.20648078372268275 perplexity:    42.57 speed: 9718.497379525854 wps
0.3059532780708365 perplexity:    41.09 speed: 9726.523343478555 wps
0.4054257724189902 perplexity:    40.96 speed: 9728.296896650403 wps
0.5048982667671439 perplexity:    40.68 speed: 9730.804916461851 wps
0.6043707611152976 perplexity:    39.91 speed: 9731.194625186212 wps
0.7038432554634514 perplexity:    39.83 speed: 9733.184832319555 wps
0.8033157498116051 perplexity:    39.70 speed: 9733.214661188911 wps
0.9027882441597589 perplexity:    38.85 speed: 9734.64941875661 wps
Train perplexity at epoch 39:    38.47
Validation perplexity at epoch 39:    80.95
########## Testing ##########################
Test Perplexity:    77.44
########## Done! ##########################
